Arguments: 
  /usr/local/bin/node /usr/local/Cellar/yarn/1.22.4/libexec/bin/yarn.js

PATH: 
  /Users/yuchao/bin:/usr/local/bin:/Library/Frameworks/Python.framework/Versions/3.8/bin:/usr/local/bin:/usr/bin:/bin:/usr/sbin:/sbin:/Users/yuchao/bin:/Library/Frameworks/Python.framework/Versions/3.8/bin

Yarn version: 
  1.22.4

Node version: 
  12.16.2

Platform: 
  darwin x64

Trace: 
  Error: https://registry.yarnpkg.com/html-withimg-loader: ETIMEDOUT
      at Timeout._onTimeout (/usr/local/Cellar/yarn/1.22.4/libexec/lib/cli.js:141408:19)
      at listOnTimeout (internal/timers.js:549:17)
      at processTimers (internal/timers.js:492:7)

npm manifest: 
  {
    "name": "bms",
    "version": "1.0.0",
    "description": "",
    "main": "index.js",
    "scripts": {
      "test": "echo \"Error: no test specified\" && exit 1",
      "start": "webpack-dev-server --hot --inline",
      "build": "webpack --progress --profile --colors --config webpack.production.config.js"
    },
    "author": "",
    "license": "ISC",
    "devDependencies": {
      "alloytouch": "^0.2.0",
      "babel-cli": "^6.18.0",
      "babel-core": "^6.18.2",
      "babel-loader": "^6.2.7",
      "babel-preset-es2015": "^6.18.0",
      "css-loader": "^0.25.0",
      "exports-loader": "^0.6.3",
      "extract-text-webpack-plugin": "^1.0.1",
      "file-loader": "^0.9.0",
      "html-webpack-plugin": "^2.24.1",
      "imports-loader": "^0.6.5",
      "jshint": "^2.9.4",
      "jshint-loader": "^0.8.3",
      "node-sass": "^3.13.0",
      "sass": "^0.5.0",
      "sass-loader": "^4.0.2",
      "script-loader": "^0.7.0",
      "style-loader": "^0.13.1",
      "url-loader": "^0.5.7",
      "webpack": "^1.13.3",
      "webpack-dev-server": "^1.16.2"
    },
    "dependencies": {
      "html-withimg-loader": "^0.1.16",
      "jquery": "^3.2.1"
    }
  }

yarn manifest: 
  No manifest

Lockfile: 
  No lockfile
